<?xml version="1.0" encoding="UTF-8"?>
<!-- Generated by org.testng.reporters.JUnitXMLReporter -->
<testsuite ignored="0" hostname="DESKTOP-K0JASPE" failures="1" tests="2" name="Default test" time="23.257" errors="0" timestamp="2025-03-08T07:34:35 IST">
  <testcase classname="io.cucumber.testng.AbstractTestNGCucumberTests" name="runScenario" time="12.762"/>
  <testcase classname="io.cucumber.testng.AbstractTestNGCucumberTests" name="runScenario" time="9.739">
    <failure type="java.lang.AssertionError" message="uuser has een navigating to home page expected [true] but found [false]">
      <![CDATA[java.lang.AssertionError: uuser has een navigating to home page expected [true] but found [false]
at org.testng.Assert.fail(Assert.java:111)
at org.testng.Assert.failNotEquals(Assert.java:1578)
at org.testng.Assert.assertTrue(Assert.java:57)
at StepDefinition.LoginStepDefinition.user_is_navigate_to_home_page(LoginStepDefinition.java:46)
at âœ½.user is navigate to home page(file:///D:/GitRepo/Cucumber_BDD_Framework/CucumberSauceProject.com/src/test/resources/Features/login.feature:6)
]]>
    </failure>
  </testcase> <!-- runScenario -->
</testsuite> <!-- Default test -->
